<?xml version="1.0" encoding="UTF-8"?>
<testng-results skipped="0" failed="0" ignored="0" total="1" passed="1">
  <reporter-output>
  </reporter-output>
  <suite name="Default suite" duration-ms="11748" started-at="2018-06-11T13:55:06Z" finished-at="2018-06-11T13:55:18Z">
    <groups>
    </groups>
    <test name="Default test" duration-ms="11748" started-at="2018-06-11T13:55:06Z" finished-at="2018-06-11T13:55:18Z">
      <class name="com.selenium.Example01_WebElement_TextBox">
        <test-method status="PASS" signature="enterDataInTextField()[pri:0, instance:com.selenium.Example01_WebElement_TextBox@39aeed2f]" name="enterDataInTextField" duration-ms="11712" started-at="2018-06-11T19:25:06Z" finished-at="2018-06-11T19:25:18Z">
          <reporter-output>
          </reporter-output>
        </test-method> <!-- enterDataInTextField -->
      </class> <!-- com.selenium.Example01_WebElement_TextBox -->
    </test> <!-- Default test -->
  </suite> <!-- Default suite -->
</testng-results>
